<?xml version="1.0" encoding="UTF-8"?>
<!-- Generated by org.testng.reporters.JUnitXMLReporter -->
<testsuite ignored="0" hostname="LAPTOP-NLGKJFEK" failures="0" tests="1" name="Chorme" time="0.07" errors="0" timestamp="2022-02-28T17:02:14 IST">
  <testcase classname="com.test.IBM.Logintofb" name="@BeforeTest launchBrowser" time="0.01">
    <failure type="java.lang.NullPointerException" message="Cannot invoke &amp;quot;org.openqa.selenium.WebDriver.manage()&amp;quot; because &amp;quot;this.driver&amp;quot; is null">
      <![CDATA[java.lang.NullPointerException: Cannot invoke "org.openqa.selenium.WebDriver.manage()" because "this.driver" is null
at com.test.IBM.Logintofb.launchBrowser(Logintofb.java:72)
... Removed 24 stack frames]]>
    </failure>
  </testcase> <!-- @BeforeTest launchBrowser -->
  <testcase classname="com.test.IBM.Logintofb" name="@BeforeClass createOfPOMClasses" time="-1.646047934012E9">
    <skipped/>
  </testcase> <!-- @BeforeClass createOfPOMClasses -->
  <testcase classname="com.test.IBM.Logintofb" name="@BeforeMethod beforeMethod" time="-1.646047934023E9">
    <skipped/>
  </testcase> <!-- @BeforeMethod beforeMethod -->
  <testcase classname="com.test.IBM.Logintofb" name="@AfterMethod afterMethod" time="-1.646047934029E9">
    <skipped/>
  </testcase> <!-- @AfterMethod afterMethod -->
  <testcase classname="com.test.IBM.Logintofb" name="@AfterClass clearPOMobject" time="-1.646047934031E9">
    <skipped/>
  </testcase> <!-- @AfterClass clearPOMobject -->
  <testcase classname="com.test.IBM.Logintofb" name="@AfterTest closedBrowser" time="-1.646047934036E9">
    <skipped/>
  </testcase> <!-- @AfterTest closedBrowser -->
  <testcase classname="com.test.IBM.Logintofb" name="testA" time="0.0">
    <skipped/>
  </testcase> <!-- testA -->
</testsuite> <!-- Chorme -->
